2019-09-30 00:32:14,220 INFO 87568 [egg-schedule]: register schedule /Users/wxz/learn/learn-egg/node_modules/egg-multipart/app/schedule/clean_tmpdir.js
2019-09-30 00:32:14,220 INFO 87568 [egg-schedule]: register schedule /Users/wxz/learn/learn-egg/node_modules/egg-logrotator/app/schedule/clean_log.js
2019-09-30 00:32:14,220 INFO 87568 [egg-schedule]: register schedule /Users/wxz/learn/learn-egg/node_modules/egg-logrotator/app/schedule/rotate_by_file.js
2019-09-30 00:32:43,789 INFO 87618 [egg-schedule]: register schedule /Users/wxz/learn/learn-egg/node_modules/egg-multipart/app/schedule/clean_tmpdir.js
2019-09-30 00:32:43,789 INFO 87618 [egg-schedule]: register schedule /Users/wxz/learn/learn-egg/node_modules/egg-logrotator/app/schedule/clean_log.js
2019-09-30 00:32:43,789 INFO 87618 [egg-schedule]: register schedule /Users/wxz/learn/learn-egg/node_modules/egg-logrotator/app/schedule/rotate_by_file.js
2019-09-30 00:32:59,666 INFO 87658 [egg-schedule]: register schedule /Users/wxz/learn/learn-egg/node_modules/egg-multipart/app/schedule/clean_tmpdir.js
2019-09-30 00:32:59,666 INFO 87658 [egg-schedule]: register schedule /Users/wxz/learn/learn-egg/node_modules/egg-logrotator/app/schedule/clean_log.js
2019-09-30 00:32:59,666 INFO 87658 [egg-schedule]: register schedule /Users/wxz/learn/learn-egg/node_modules/egg-logrotator/app/schedule/rotate_by_file.js
2019-09-30 00:33:03,994 INFO 87677 [egg-schedule]: register schedule /Users/wxz/learn/learn-egg/node_modules/egg-multipart/app/schedule/clean_tmpdir.js
2019-09-30 00:33:03,994 INFO 87677 [egg-schedule]: register schedule /Users/wxz/learn/learn-egg/node_modules/egg-logrotator/app/schedule/clean_log.js
2019-09-30 00:33:03,994 INFO 87677 [egg-schedule]: register schedule /Users/wxz/learn/learn-egg/node_modules/egg-logrotator/app/schedule/rotate_by_file.js
2019-09-30 00:33:06,541 INFO 87690 [egg-schedule]: register schedule /Users/wxz/learn/learn-egg/node_modules/egg-multipart/app/schedule/clean_tmpdir.js
2019-09-30 00:33:06,541 INFO 87690 [egg-schedule]: register schedule /Users/wxz/learn/learn-egg/node_modules/egg-logrotator/app/schedule/clean_log.js
2019-09-30 00:33:06,541 INFO 87690 [egg-schedule]: register schedule /Users/wxz/learn/learn-egg/node_modules/egg-logrotator/app/schedule/rotate_by_file.js
2019-09-30 00:33:09,419 INFO 87692 [egg-schedule]: register schedule /Users/wxz/learn/learn-egg/node_modules/egg-multipart/app/schedule/clean_tmpdir.js
2019-09-30 00:33:09,419 INFO 87692 [egg-schedule]: register schedule /Users/wxz/learn/learn-egg/node_modules/egg-logrotator/app/schedule/clean_log.js
2019-09-30 00:33:09,419 INFO 87692 [egg-schedule]: register schedule /Users/wxz/learn/learn-egg/node_modules/egg-logrotator/app/schedule/rotate_by_file.js
2019-09-30 00:33:12,784 INFO 87710 [egg-schedule]: register schedule /Users/wxz/learn/learn-egg/node_modules/egg-multipart/app/schedule/clean_tmpdir.js
2019-09-30 00:33:12,784 INFO 87710 [egg-schedule]: register schedule /Users/wxz/learn/learn-egg/node_modules/egg-logrotator/app/schedule/clean_log.js
2019-09-30 00:33:12,784 INFO 87710 [egg-schedule]: register schedule /Users/wxz/learn/learn-egg/node_modules/egg-logrotator/app/schedule/rotate_by_file.js
2019-09-30 00:33:20,168 INFO 87725 [egg-schedule]: register schedule /Users/wxz/learn/learn-egg/node_modules/egg-multipart/app/schedule/clean_tmpdir.js
2019-09-30 00:33:20,169 INFO 87725 [egg-schedule]: register schedule /Users/wxz/learn/learn-egg/node_modules/egg-logrotator/app/schedule/clean_log.js
2019-09-30 00:33:20,169 INFO 87725 [egg-schedule]: register schedule /Users/wxz/learn/learn-egg/node_modules/egg-logrotator/app/schedule/rotate_by_file.js
2019-09-30 00:33:23,003 INFO 87742 [egg-schedule]: register schedule /Users/wxz/learn/learn-egg/node_modules/egg-multipart/app/schedule/clean_tmpdir.js
2019-09-30 00:33:23,003 INFO 87742 [egg-schedule]: register schedule /Users/wxz/learn/learn-egg/node_modules/egg-logrotator/app/schedule/clean_log.js
2019-09-30 00:33:23,003 INFO 87742 [egg-schedule]: register schedule /Users/wxz/learn/learn-egg/node_modules/egg-logrotator/app/schedule/rotate_by_file.js
2019-09-30 00:33:25,511 INFO 87745 [egg-schedule]: register schedule /Users/wxz/learn/learn-egg/node_modules/egg-multipart/app/schedule/clean_tmpdir.js
2019-09-30 00:33:25,511 INFO 87745 [egg-schedule]: register schedule /Users/wxz/learn/learn-egg/node_modules/egg-logrotator/app/schedule/clean_log.js
2019-09-30 00:33:25,511 INFO 87745 [egg-schedule]: register schedule /Users/wxz/learn/learn-egg/node_modules/egg-logrotator/app/schedule/rotate_by_file.js
2019-09-30 00:33:28,066 INFO 87758 [egg-schedule]: register schedule /Users/wxz/learn/learn-egg/node_modules/egg-multipart/app/schedule/clean_tmpdir.js
2019-09-30 00:33:28,066 INFO 87758 [egg-schedule]: register schedule /Users/wxz/learn/learn-egg/node_modules/egg-logrotator/app/schedule/clean_log.js
2019-09-30 00:33:28,066 INFO 87758 [egg-schedule]: register schedule /Users/wxz/learn/learn-egg/node_modules/egg-logrotator/app/schedule/rotate_by_file.js
2019-09-30 00:33:35,368 INFO 87775 [egg-schedule]: register schedule /Users/wxz/learn/learn-egg/node_modules/egg-multipart/app/schedule/clean_tmpdir.js
2019-09-30 00:33:35,368 INFO 87775 [egg-schedule]: register schedule /Users/wxz/learn/learn-egg/node_modules/egg-logrotator/app/schedule/clean_log.js
2019-09-30 00:33:35,368 INFO 87775 [egg-schedule]: register schedule /Users/wxz/learn/learn-egg/node_modules/egg-logrotator/app/schedule/rotate_by_file.js
2019-09-30 00:33:37,744 INFO 87787 [egg-schedule]: register schedule /Users/wxz/learn/learn-egg/node_modules/egg-multipart/app/schedule/clean_tmpdir.js
2019-09-30 00:33:37,744 INFO 87787 [egg-schedule]: register schedule /Users/wxz/learn/learn-egg/node_modules/egg-logrotator/app/schedule/clean_log.js
2019-09-30 00:33:37,744 INFO 87787 [egg-schedule]: register schedule /Users/wxz/learn/learn-egg/node_modules/egg-logrotator/app/schedule/rotate_by_file.js
2019-09-30 00:33:43,577 INFO 87804 [egg-schedule]: register schedule /Users/wxz/learn/learn-egg/node_modules/egg-multipart/app/schedule/clean_tmpdir.js
2019-09-30 00:33:43,577 INFO 87804 [egg-schedule]: register schedule /Users/wxz/learn/learn-egg/node_modules/egg-logrotator/app/schedule/clean_log.js
2019-09-30 00:33:43,578 INFO 87804 [egg-schedule]: register schedule /Users/wxz/learn/learn-egg/node_modules/egg-logrotator/app/schedule/rotate_by_file.js
2019-09-30 00:33:55,189 INFO 87824 [egg-schedule]: register schedule /Users/wxz/learn/learn-egg/node_modules/egg-multipart/app/schedule/clean_tmpdir.js
2019-09-30 00:33:55,189 INFO 87824 [egg-schedule]: register schedule /Users/wxz/learn/learn-egg/node_modules/egg-logrotator/app/schedule/clean_log.js
2019-09-30 00:33:55,189 INFO 87824 [egg-schedule]: register schedule /Users/wxz/learn/learn-egg/node_modules/egg-logrotator/app/schedule/rotate_by_file.js
2019-09-30 00:33:56,194 INFO 87826 [egg-schedule]: register schedule /Users/wxz/learn/learn-egg/node_modules/egg-multipart/app/schedule/clean_tmpdir.js
2019-09-30 00:33:56,194 INFO 87826 [egg-schedule]: register schedule /Users/wxz/learn/learn-egg/node_modules/egg-logrotator/app/schedule/clean_log.js
2019-09-30 00:33:56,194 INFO 87826 [egg-schedule]: register schedule /Users/wxz/learn/learn-egg/node_modules/egg-logrotator/app/schedule/rotate_by_file.js
2019-09-30 00:35:01,526 INFO 87904 [egg-schedule]: register schedule /Users/wxz/learn/learn-egg/node_modules/egg-multipart/app/schedule/clean_tmpdir.js
2019-09-30 00:35:01,526 INFO 87904 [egg-schedule]: register schedule /Users/wxz/learn/learn-egg/node_modules/egg-logrotator/app/schedule/clean_log.js
2019-09-30 00:35:01,526 INFO 87904 [egg-schedule]: register schedule /Users/wxz/learn/learn-egg/node_modules/egg-logrotator/app/schedule/rotate_by_file.js
2019-09-30 00:35:02,551 INFO 87915 [egg-schedule]: register schedule /Users/wxz/learn/learn-egg/node_modules/egg-multipart/app/schedule/clean_tmpdir.js
2019-09-30 00:35:02,551 INFO 87915 [egg-schedule]: register schedule /Users/wxz/learn/learn-egg/node_modules/egg-logrotator/app/schedule/clean_log.js
2019-09-30 00:35:02,551 INFO 87915 [egg-schedule]: register schedule /Users/wxz/learn/learn-egg/node_modules/egg-logrotator/app/schedule/rotate_by_file.js
2019-09-30 00:41:08,107 INFO 88317 [egg-schedule]: register schedule /Users/wxz/learn/learn-egg/node_modules/egg-multipart/app/schedule/clean_tmpdir.js
2019-09-30 00:41:08,107 INFO 88317 [egg-schedule]: register schedule /Users/wxz/learn/learn-egg/node_modules/egg-logrotator/app/schedule/clean_log.js
2019-09-30 00:41:08,107 INFO 88317 [egg-schedule]: register schedule /Users/wxz/learn/learn-egg/node_modules/egg-logrotator/app/schedule/rotate_by_file.js
2019-09-30 00:41:12,131 INFO 88330 [egg-schedule]: register schedule /Users/wxz/learn/learn-egg/node_modules/egg-multipart/app/schedule/clean_tmpdir.js
2019-09-30 00:41:12,131 INFO 88330 [egg-schedule]: register schedule /Users/wxz/learn/learn-egg/node_modules/egg-logrotator/app/schedule/clean_log.js
2019-09-30 00:41:12,131 INFO 88330 [egg-schedule]: register schedule /Users/wxz/learn/learn-egg/node_modules/egg-logrotator/app/schedule/rotate_by_file.js
2019-09-30 00:41:13,490 INFO 88349 [egg-schedule]: register schedule /Users/wxz/learn/learn-egg/node_modules/egg-multipart/app/schedule/clean_tmpdir.js
2019-09-30 00:41:13,490 INFO 88349 [egg-schedule]: register schedule /Users/wxz/learn/learn-egg/node_modules/egg-logrotator/app/schedule/clean_log.js
2019-09-30 00:41:13,490 INFO 88349 [egg-schedule]: register schedule /Users/wxz/learn/learn-egg/node_modules/egg-logrotator/app/schedule/rotate_by_file.js
2019-09-30 00:41:16,205 INFO 88352 [egg-schedule]: register schedule /Users/wxz/learn/learn-egg/node_modules/egg-multipart/app/schedule/clean_tmpdir.js
2019-09-30 00:41:16,205 INFO 88352 [egg-schedule]: register schedule /Users/wxz/learn/learn-egg/node_modules/egg-logrotator/app/schedule/clean_log.js
2019-09-30 00:41:16,205 INFO 88352 [egg-schedule]: register schedule /Users/wxz/learn/learn-egg/node_modules/egg-logrotator/app/schedule/rotate_by_file.js
2019-09-30 00:41:17,410 INFO 88357 [egg-schedule]: register schedule /Users/wxz/learn/learn-egg/node_modules/egg-multipart/app/schedule/clean_tmpdir.js
2019-09-30 00:41:17,410 INFO 88357 [egg-schedule]: register schedule /Users/wxz/learn/learn-egg/node_modules/egg-logrotator/app/schedule/clean_log.js
2019-09-30 00:41:17,410 INFO 88357 [egg-schedule]: register schedule /Users/wxz/learn/learn-egg/node_modules/egg-logrotator/app/schedule/rotate_by_file.js
2019-09-30 00:41:20,919 INFO 88367 [egg-schedule]: register schedule /Users/wxz/learn/learn-egg/node_modules/egg-multipart/app/schedule/clean_tmpdir.js
2019-09-30 00:41:20,919 INFO 88367 [egg-schedule]: register schedule /Users/wxz/learn/learn-egg/node_modules/egg-logrotator/app/schedule/clean_log.js
2019-09-30 00:41:20,919 INFO 88367 [egg-schedule]: register schedule /Users/wxz/learn/learn-egg/node_modules/egg-logrotator/app/schedule/rotate_by_file.js
2019-09-30 00:42:38,400 INFO 88457 [egg-schedule]: register schedule /Users/wxz/learn/learn-egg/node_modules/egg-multipart/app/schedule/clean_tmpdir.js
2019-09-30 00:42:38,400 INFO 88457 [egg-schedule]: register schedule /Users/wxz/learn/learn-egg/node_modules/egg-logrotator/app/schedule/clean_log.js
2019-09-30 00:42:38,400 INFO 88457 [egg-schedule]: register schedule /Users/wxz/learn/learn-egg/node_modules/egg-logrotator/app/schedule/rotate_by_file.js
2019-09-30 00:42:39,509 INFO 88459 [egg-schedule]: register schedule /Users/wxz/learn/learn-egg/node_modules/egg-multipart/app/schedule/clean_tmpdir.js
2019-09-30 00:42:39,509 INFO 88459 [egg-schedule]: register schedule /Users/wxz/learn/learn-egg/node_modules/egg-logrotator/app/schedule/clean_log.js
2019-09-30 00:42:39,509 INFO 88459 [egg-schedule]: register schedule /Users/wxz/learn/learn-egg/node_modules/egg-logrotator/app/schedule/rotate_by_file.js
2019-09-30 00:49:36,851 INFO 89090 [egg-schedule]: register schedule /Users/wxz/learn/learn-egg/node_modules/egg-multipart/app/schedule/clean_tmpdir.js
2019-09-30 00:49:36,851 INFO 89090 [egg-schedule]: register schedule /Users/wxz/learn/learn-egg/node_modules/egg-logrotator/app/schedule/clean_log.js
2019-09-30 00:49:36,851 INFO 89090 [egg-schedule]: register schedule /Users/wxz/learn/learn-egg/node_modules/egg-logrotator/app/schedule/rotate_by_file.js
2019-09-30 00:53:54,175 INFO 89797 [egg-schedule]: register schedule /Users/wxz/learn/learn-egg/node_modules/egg-multipart/app/schedule/clean_tmpdir.js
2019-09-30 00:53:54,175 INFO 89797 [egg-schedule]: register schedule /Users/wxz/learn/learn-egg/node_modules/egg-logrotator/app/schedule/clean_log.js
2019-09-30 00:53:54,175 INFO 89797 [egg-schedule]: register schedule /Users/wxz/learn/learn-egg/node_modules/egg-logrotator/app/schedule/rotate_by_file.js
2019-09-30 00:53:55,444 INFO 89807 [egg-schedule]: register schedule /Users/wxz/learn/learn-egg/node_modules/egg-multipart/app/schedule/clean_tmpdir.js
2019-09-30 00:53:55,444 INFO 89807 [egg-schedule]: register schedule /Users/wxz/learn/learn-egg/node_modules/egg-logrotator/app/schedule/clean_log.js
2019-09-30 00:53:55,444 INFO 89807 [egg-schedule]: register schedule /Users/wxz/learn/learn-egg/node_modules/egg-logrotator/app/schedule/rotate_by_file.js
2019-09-30 07:29:45,951 INFO 74297 [Timer] /Users/wxz/learn/learn-egg/node_modules/egg-multipart/app/schedule/clean_tmpdir.js next time will execute after 75614056ms at 2019-10-01 04:30:00.007
2019-09-30 07:29:45,949 INFO 89807 [Job#1569799785942866135463977791] /Users/wxz/learn/learn-egg/node_modules/egg-multipart/app/schedule/clean_tmpdir.js executing by app
2019-09-30 07:29:45,970 INFO 89807 [Job#1569799785942866135463977791] /Users/wxz/learn/learn-egg/node_modules/egg-multipart/app/schedule/clean_tmpdir.js execute succeed, used 19ms
